Performing Curl Test HAVE_FSETXATTR_6 failed with the following output:
Change Dir: '/home/marcato/Documentos/Projects/Cpp/Middleware/out/build/Clang/CMakeFiles/CMakeTmp'

Run Build Command(s): /usr/bin/cmake -E env VERBOSE=1 /usr/bin/gmake -f Makefile cmTC_d9dad/fast
/usr/bin/gmake  -f CMakeFiles/cmTC_d9dad.dir/build.make CMakeFiles/cmTC_d9dad.dir/build
gmake[1]: Entrando no diretório '/home/marcato/Documentos/Projects/Cpp/Middleware/out/build/Clang/CMakeFiles/CMakeTmp'
Building C object CMakeFiles/cmTC_d9dad.dir/CurlTests.c.o
/usr/bin/clang   -DHAVE_FSETXATTR_6  -DHAVE_STDIO_H -DHAVE_INTTYPES_H -DHAVE_SYS_IOCTL_H -DHAVE_SYS_PARAM_H -DHAVE_SYS_POLL_H -DHAVE_SYS_RESOURCE_H -DHAVE_SYS_SELECT_H -DHAVE_SYS_SOCKET_H -DHAVE_SYS_STAT_H -DHAVE_SYS_TIME_H -DHAVE_SYS_TYPES_H -DHAVE_SYS_UIO_H -DHAVE_SYS_UN_H -DHAVE_SYS_XATTR_H -DHAVE_ALLOCA_H -DHAVE_ARPA_INET_H -DHAVE_ARPA_TFTP_H -DHAVE_ASSERT_H -DHAVE_ERRNO_H -DHAVE_FCNTL_H -DHAVE_IFADDRS_H -DHAVE_LIBGEN_H -DHAVE_LOCALE_H -DHAVE_NET_IF_H -DHAVE_NETDB_H -DHAVE_NETINET_IN_H -DHAVE_NETINET_TCP_H -DHAVE_POLL_H -DHAVE_PWD_H -DHAVE_SETJMP_H -DHAVE_SIGNAL_H -DHAVE_STDBOOL_H -DHAVE_STDINT_H -DHAVE_STDIO_H -DHAVE_STDLIB_H -DHAVE_STRING_H -DHAVE_STRINGS_H -DHAVE_TERMIO_H -DHAVE_TERMIOS_H -DHAVE_TIME_H -DHAVE_UNISTD_H -DHAVE_UTIME_H -DHAVE_STDDEF_H -DHAVE_DLFCN_H -DHAVE_MALLOC_H -DHAVE_MEMORY_H -DHAVE_NETINET_IF_ETHER_H -DHAVE_STDINT_H -DHAVE_SYS_UTSNAME_H -MD -MT CMakeFiles/cmTC_d9dad.dir/CurlTests.c.o -MF CMakeFiles/cmTC_d9dad.dir/CurlTests.c.o.d -o CMakeFiles/cmTC_d9dad.dir/CurlTests.c.o -c /home/marcato/Documentos/Projects/Cpp/Middleware/out/build/Clang/_deps/curl-src/CMake/CurlTests.c
/home/marcato/Documentos/Projects/Cpp/Middleware/out/build/Clang/_deps/curl-src/CMake/CurlTests.c:443:28: error: too many arguments to function call, expected 5, have 6
  443 |   fsetxattr(0, 0, 0, 0, 0, 0);
      |   ~~~~~~~~~                ^
/usr/include/x86_64-linux-gnu/sys/xattr.h:54:12: note: 'fsetxattr' declared here
   54 | extern int fsetxattr (int __fd, const char *__name, const void *__value,
      |            ^          ~~~~~~~~~~~~~~~~~~~~~~~~~~~~~~~~~~~~~~~~~~~~~~~~~~
   55 |                       size_t __size, int __flags)
      |                       ~~~~~~~~~~~~~~~~~~~~~~~~~~
1 error generated.
gmake[1]: *** [CMakeFiles/cmTC_d9dad.dir/build.make:79: CMakeFiles/cmTC_d9dad.dir/CurlTests.c.o] Erro 1
gmake[1]: Saindo do diretório '/home/marcato/Documentos/Projects/Cpp/Middleware/out/build/Clang/CMakeFiles/CMakeTmp'
gmake: *** [Makefile:127: cmTC_d9dad/fast] Erro 2


Performing Curl Test HAVE_IOCTLSOCKET failed with the following output:
Change Dir: '/home/marcato/Documentos/Projects/Cpp/Middleware/out/build/Clang/CMakeFiles/CMakeTmp'

Run Build Command(s): /usr/bin/cmake -E env VERBOSE=1 /usr/bin/gmake -f Makefile cmTC_a2cef/fast
/usr/bin/gmake  -f CMakeFiles/cmTC_a2cef.dir/build.make CMakeFiles/cmTC_a2cef.dir/build
gmake[1]: Entrando no diretório '/home/marcato/Documentos/Projects/Cpp/Middleware/out/build/Clang/CMakeFiles/CMakeTmp'
Building C object CMakeFiles/cmTC_a2cef.dir/CurlTests.c.o
/usr/bin/clang   -DHAVE_IOCTLSOCKET  -DHAVE_STDIO_H -DHAVE_INTTYPES_H -DHAVE_SYS_IOCTL_H -DHAVE_SYS_PARAM_H -DHAVE_SYS_POLL_H -DHAVE_SYS_RESOURCE_H -DHAVE_SYS_SELECT_H -DHAVE_SYS_SOCKET_H -DHAVE_SYS_STAT_H -DHAVE_SYS_TIME_H -DHAVE_SYS_TYPES_H -DHAVE_SYS_UIO_H -DHAVE_SYS_UN_H -DHAVE_SYS_XATTR_H -DHAVE_ALLOCA_H -DHAVE_ARPA_INET_H -DHAVE_ARPA_TFTP_H -DHAVE_ASSERT_H -DHAVE_ERRNO_H -DHAVE_FCNTL_H -DHAVE_IFADDRS_H -DHAVE_LIBGEN_H -DHAVE_LOCALE_H -DHAVE_NET_IF_H -DHAVE_NETDB_H -DHAVE_NETINET_IN_H -DHAVE_NETINET_TCP_H -DHAVE_POLL_H -DHAVE_PWD_H -DHAVE_SETJMP_H -DHAVE_SIGNAL_H -DHAVE_STDBOOL_H -DHAVE_STDINT_H -DHAVE_STDIO_H -DHAVE_STDLIB_H -DHAVE_STRING_H -DHAVE_STRINGS_H -DHAVE_TERMIO_H -DHAVE_TERMIOS_H -DHAVE_TIME_H -DHAVE_UNISTD_H -DHAVE_UTIME_H -DHAVE_STDDEF_H -DHAVE_DLFCN_H -DHAVE_MALLOC_H -DHAVE_MEMORY_H -DHAVE_NETINET_IF_ETHER_H -DHAVE_STDINT_H -DHAVE_SYS_UTSNAME_H -MD -MT CMakeFiles/cmTC_a2cef.dir/CurlTests.c.o -MF CMakeFiles/cmTC_a2cef.dir/CurlTests.c.o.d -o CMakeFiles/cmTC_a2cef.dir/CurlTests.c.o -c /home/marcato/Documentos/Projects/Cpp/Middleware/out/build/Clang/_deps/curl-src/CMake/CurlTests.c
/home/marcato/Documentos/Projects/Cpp/Middleware/out/build/Clang/_deps/curl-src/CMake/CurlTests.c:241:24: error: call to undeclared function 'ioctlsocket'; ISO C99 and later do not support implicit function declarations [-Wimplicit-function-declaration]
  241 |  unsigned long flags = ioctlsocket(socket, FIONBIO, &flags);
      |                        ^
/home/marcato/Documentos/Projects/Cpp/Middleware/out/build/Clang/_deps/curl-src/CMake/CurlTests.c:241:44: error: use of undeclared identifier 'FIONBIO'
  241 |  unsigned long flags = ioctlsocket(socket, FIONBIO, &flags);
      |                                            ^
2 errors generated.
gmake[1]: *** [CMakeFiles/cmTC_a2cef.dir/build.make:79: CMakeFiles/cmTC_a2cef.dir/CurlTests.c.o] Erro 1
gmake[1]: Saindo do diretório '/home/marcato/Documentos/Projects/Cpp/Middleware/out/build/Clang/CMakeFiles/CMakeTmp'
gmake: *** [Makefile:127: cmTC_a2cef/fast] Erro 2


Performing Curl Test HAVE_IOCTLSOCKET_CAMEL failed with the following output:
Change Dir: '/home/marcato/Documentos/Projects/Cpp/Middleware/out/build/Clang/CMakeFiles/CMakeTmp'

Run Build Command(s): /usr/bin/cmake -E env VERBOSE=1 /usr/bin/gmake -f Makefile cmTC_84af0/fast
/usr/bin/gmake  -f CMakeFiles/cmTC_84af0.dir/build.make CMakeFiles/cmTC_84af0.dir/build
gmake[1]: Entrando no diretório '/home/marcato/Documentos/Projects/Cpp/Middleware/out/build/Clang/CMakeFiles/CMakeTmp'
Building C object CMakeFiles/cmTC_84af0.dir/CurlTests.c.o
/usr/bin/clang   -DHAVE_IOCTLSOCKET_CAMEL  -DHAVE_STDIO_H -DHAVE_INTTYPES_H -DHAVE_SYS_IOCTL_H -DHAVE_SYS_PARAM_H -DHAVE_SYS_POLL_H -DHAVE_SYS_RESOURCE_H -DHAVE_SYS_SELECT_H -DHAVE_SYS_SOCKET_H -DHAVE_SYS_STAT_H -DHAVE_SYS_TIME_H -DHAVE_SYS_TYPES_H -DHAVE_SYS_UIO_H -DHAVE_SYS_UN_H -DHAVE_SYS_XATTR_H -DHAVE_ALLOCA_H -DHAVE_ARPA_INET_H -DHAVE_ARPA_TFTP_H -DHAVE_ASSERT_H -DHAVE_ERRNO_H -DHAVE_FCNTL_H -DHAVE_IFADDRS_H -DHAVE_LIBGEN_H -DHAVE_LOCALE_H -DHAVE_NET_IF_H -DHAVE_NETDB_H -DHAVE_NETINET_IN_H -DHAVE_NETINET_TCP_H -DHAVE_POLL_H -DHAVE_PWD_H -DHAVE_SETJMP_H -DHAVE_SIGNAL_H -DHAVE_STDBOOL_H -DHAVE_STDINT_H -DHAVE_STDIO_H -DHAVE_STDLIB_H -DHAVE_STRING_H -DHAVE_STRINGS_H -DHAVE_TERMIO_H -DHAVE_TERMIOS_H -DHAVE_TIME_H -DHAVE_UNISTD_H -DHAVE_UTIME_H -DHAVE_STDDEF_H -DHAVE_DLFCN_H -DHAVE_MALLOC_H -DHAVE_MEMORY_H -DHAVE_NETINET_IF_ETHER_H -DHAVE_STDINT_H -DHAVE_SYS_UTSNAME_H -MD -MT CMakeFiles/cmTC_84af0.dir/CurlTests.c.o -MF CMakeFiles/cmTC_84af0.dir/CurlTests.c.o.d -o CMakeFiles/cmTC_84af0.dir/CurlTests.c.o -c /home/marcato/Documentos/Projects/Cpp/Middleware/out/build/Clang/_deps/curl-src/CMake/CurlTests.c
/home/marcato/Documentos/Projects/Cpp/Middleware/out/build/Clang/_deps/curl-src/CMake/CurlTests.c:265:13: error: call to undeclared function 'IoctlSocket'; ISO C99 and later do not support implicit function declarations [-Wimplicit-function-declaration]
  265 |     if(0 != IoctlSocket(0, 0, 0))
      |             ^
1 error generated.
gmake[1]: *** [CMakeFiles/cmTC_84af0.dir/build.make:79: CMakeFiles/cmTC_84af0.dir/CurlTests.c.o] Erro 1
gmake[1]: Saindo do diretório '/home/marcato/Documentos/Projects/Cpp/Middleware/out/build/Clang/CMakeFiles/CMakeTmp'
gmake: *** [Makefile:127: cmTC_84af0/fast] Erro 2


Performing Curl Test HAVE_IOCTLSOCKET_CAMEL_FIONBIO failed with the following output:
Change Dir: '/home/marcato/Documentos/Projects/Cpp/Middleware/out/build/Clang/CMakeFiles/CMakeTmp'

Run Build Command(s): /usr/bin/cmake -E env VERBOSE=1 /usr/bin/gmake -f Makefile cmTC_c1751/fast
/usr/bin/gmake  -f CMakeFiles/cmTC_c1751.dir/build.make CMakeFiles/cmTC_c1751.dir/build
gmake[1]: Entrando no diretório '/home/marcato/Documentos/Projects/Cpp/Middleware/out/build/Clang/CMakeFiles/CMakeTmp'
Building C object CMakeFiles/cmTC_c1751.dir/CurlTests.c.o
/usr/bin/clang   -DHAVE_IOCTLSOCKET_CAMEL_FIONBIO  -DHAVE_STDIO_H -DHAVE_INTTYPES_H -DHAVE_SYS_IOCTL_H -DHAVE_SYS_PARAM_H -DHAVE_SYS_POLL_H -DHAVE_SYS_RESOURCE_H -DHAVE_SYS_SELECT_H -DHAVE_SYS_SOCKET_H -DHAVE_SYS_STAT_H -DHAVE_SYS_TIME_H -DHAVE_SYS_TYPES_H -DHAVE_SYS_UIO_H -DHAVE_SYS_UN_H -DHAVE_SYS_XATTR_H -DHAVE_ALLOCA_H -DHAVE_ARPA_INET_H -DHAVE_ARPA_TFTP_H -DHAVE_ASSERT_H -DHAVE_ERRNO_H -DHAVE_FCNTL_H -DHAVE_IFADDRS_H -DHAVE_LIBGEN_H -DHAVE_LOCALE_H -DHAVE_NET_IF_H -DHAVE_NETDB_H -DHAVE_NETINET_IN_H -DHAVE_NETINET_TCP_H -DHAVE_POLL_H -DHAVE_PWD_H -DHAVE_SETJMP_H -DHAVE_SIGNAL_H -DHAVE_STDBOOL_H -DHAVE_STDINT_H -DHAVE_STDIO_H -DHAVE_STDLIB_H -DHAVE_STRING_H -DHAVE_STRINGS_H -DHAVE_TERMIO_H -DHAVE_TERMIOS_H -DHAVE_TIME_H -DHAVE_UNISTD_H -DHAVE_UTIME_H -DHAVE_STDDEF_H -DHAVE_DLFCN_H -DHAVE_MALLOC_H -DHAVE_MEMORY_H -DHAVE_NETINET_IF_ETHER_H -DHAVE_STDINT_H -DHAVE_SYS_UTSNAME_H -MD -MT CMakeFiles/cmTC_c1751.dir/CurlTests.c.o -MF CMakeFiles/cmTC_c1751.dir/CurlTests.c.o.d -o CMakeFiles/cmTC_c1751.dir/CurlTests.c.o -c /home/marcato/Documentos/Projects/Cpp/Middleware/out/build/Clang/_deps/curl-src/CMake/CurlTests.c
/home/marcato/Documentos/Projects/Cpp/Middleware/out/build/Clang/_deps/curl-src/CMake/CurlTests.c:289:17: error: call to undeclared function 'IoctlSocket'; ISO C99 and later do not support implicit function declarations [-Wimplicit-function-declaration]
  289 |         if(0 != IoctlSocket(0, FIONBIO, &flags))
      |                 ^
/home/marcato/Documentos/Projects/Cpp/Middleware/out/build/Clang/_deps/curl-src/CMake/CurlTests.c:289:32: error: use of undeclared identifier 'FIONBIO'
  289 |         if(0 != IoctlSocket(0, FIONBIO, &flags))
      |                                ^
2 errors generated.
gmake[1]: *** [CMakeFiles/cmTC_c1751.dir/build.make:79: CMakeFiles/cmTC_c1751.dir/CurlTests.c.o] Erro 1
gmake[1]: Saindo do diretório '/home/marcato/Documentos/Projects/Cpp/Middleware/out/build/Clang/CMakeFiles/CMakeTmp'
gmake: *** [Makefile:127: cmTC_c1751/fast] Erro 2


Performing Curl Test HAVE_IOCTLSOCKET_FIONBIO failed with the following output:
Change Dir: '/home/marcato/Documentos/Projects/Cpp/Middleware/out/build/Clang/CMakeFiles/CMakeTmp'

Run Build Command(s): /usr/bin/cmake -E env VERBOSE=1 /usr/bin/gmake -f Makefile cmTC_fa933/fast
/usr/bin/gmake  -f CMakeFiles/cmTC_fa933.dir/build.make CMakeFiles/cmTC_fa933.dir/build
gmake[1]: Entrando no diretório '/home/marcato/Documentos/Projects/Cpp/Middleware/out/build/Clang/CMakeFiles/CMakeTmp'
Building C object CMakeFiles/cmTC_fa933.dir/CurlTests.c.o
/usr/bin/clang   -DHAVE_IOCTLSOCKET_FIONBIO  -DHAVE_STDIO_H -DHAVE_INTTYPES_H -DHAVE_SYS_IOCTL_H -DHAVE_SYS_PARAM_H -DHAVE_SYS_POLL_H -DHAVE_SYS_RESOURCE_H -DHAVE_SYS_SELECT_H -DHAVE_SYS_SOCKET_H -DHAVE_SYS_STAT_H -DHAVE_SYS_TIME_H -DHAVE_SYS_TYPES_H -DHAVE_SYS_UIO_H -DHAVE_SYS_UN_H -DHAVE_SYS_XATTR_H -DHAVE_ALLOCA_H -DHAVE_ARPA_INET_H -DHAVE_ARPA_TFTP_H -DHAVE_ASSERT_H -DHAVE_ERRNO_H -DHAVE_FCNTL_H -DHAVE_IFADDRS_H -DHAVE_LIBGEN_H -DHAVE_LOCALE_H -DHAVE_NET_IF_H -DHAVE_NETDB_H -DHAVE_NETINET_IN_H -DHAVE_NETINET_TCP_H -DHAVE_POLL_H -DHAVE_PWD_H -DHAVE_SETJMP_H -DHAVE_SIGNAL_H -DHAVE_STDBOOL_H -DHAVE_STDINT_H -DHAVE_STDIO_H -DHAVE_STDLIB_H -DHAVE_STRING_H -DHAVE_STRINGS_H -DHAVE_TERMIO_H -DHAVE_TERMIOS_H -DHAVE_TIME_H -DHAVE_UNISTD_H -DHAVE_UTIME_H -DHAVE_STDDEF_H -DHAVE_DLFCN_H -DHAVE_MALLOC_H -DHAVE_MEMORY_H -DHAVE_NETINET_IF_ETHER_H -DHAVE_STDINT_H -DHAVE_SYS_UTSNAME_H -MD -MT CMakeFiles/cmTC_fa933.dir/CurlTests.c.o -MF CMakeFiles/cmTC_fa933.dir/CurlTests.c.o.d -o CMakeFiles/cmTC_fa933.dir/CurlTests.c.o -c /home/marcato/Documentos/Projects/Cpp/Middleware/out/build/Clang/_deps/curl-src/CMake/CurlTests.c
/home/marcato/Documentos/Projects/Cpp/Middleware/out/build/Clang/_deps/curl-src/CMake/CurlTests.c:312:17: error: call to undeclared function 'ioctlsocket'; ISO C99 and later do not support implicit function declarations [-Wimplicit-function-declaration]
  312 |         if(0 != ioctlsocket(0, FIONBIO, &flags))
      |                 ^
/home/marcato/Documentos/Projects/Cpp/Middleware/out/build/Clang/_deps/curl-src/CMake/CurlTests.c:312:32: error: use of undeclared identifier 'FIONBIO'
  312 |         if(0 != ioctlsocket(0, FIONBIO, &flags))
      |                                ^
2 errors generated.
gmake[1]: *** [CMakeFiles/cmTC_fa933.dir/build.make:79: CMakeFiles/cmTC_fa933.dir/CurlTests.c.o] Erro 1
gmake[1]: Saindo do diretório '/home/marcato/Documentos/Projects/Cpp/Middleware/out/build/Clang/CMakeFiles/CMakeTmp'
gmake: *** [Makefile:127: cmTC_fa933/fast] Erro 2


Performing Curl Test HAVE_SETSOCKOPT_SO_NONBLOCK failed with the following output:
Change Dir: '/home/marcato/Documentos/Projects/Cpp/Middleware/out/build/Clang/CMakeFiles/CMakeTmp'

Run Build Command(s): /usr/bin/cmake -E env VERBOSE=1 /usr/bin/gmake -f Makefile cmTC_5e8b5/fast
/usr/bin/gmake  -f CMakeFiles/cmTC_5e8b5.dir/build.make CMakeFiles/cmTC_5e8b5.dir/build
gmake[1]: Entrando no diretório '/home/marcato/Documentos/Projects/Cpp/Middleware/out/build/Clang/CMakeFiles/CMakeTmp'
Building C object CMakeFiles/cmTC_5e8b5.dir/CurlTests.c.o
/usr/bin/clang   -DHAVE_SETSOCKOPT_SO_NONBLOCK  -DHAVE_STDIO_H -DHAVE_INTTYPES_H -DHAVE_SYS_IOCTL_H -DHAVE_SYS_PARAM_H -DHAVE_SYS_POLL_H -DHAVE_SYS_RESOURCE_H -DHAVE_SYS_SELECT_H -DHAVE_SYS_SOCKET_H -DHAVE_SYS_STAT_H -DHAVE_SYS_TIME_H -DHAVE_SYS_TYPES_H -DHAVE_SYS_UIO_H -DHAVE_SYS_UN_H -DHAVE_SYS_XATTR_H -DHAVE_ALLOCA_H -DHAVE_ARPA_INET_H -DHAVE_ARPA_TFTP_H -DHAVE_ASSERT_H -DHAVE_ERRNO_H -DHAVE_FCNTL_H -DHAVE_IFADDRS_H -DHAVE_LIBGEN_H -DHAVE_LOCALE_H -DHAVE_NET_IF_H -DHAVE_NETDB_H -DHAVE_NETINET_IN_H -DHAVE_NETINET_TCP_H -DHAVE_POLL_H -DHAVE_PWD_H -DHAVE_SETJMP_H -DHAVE_SIGNAL_H -DHAVE_STDBOOL_H -DHAVE_STDINT_H -DHAVE_STDIO_H -DHAVE_STDLIB_H -DHAVE_STRING_H -DHAVE_STRINGS_H -DHAVE_TERMIO_H -DHAVE_TERMIOS_H -DHAVE_TIME_H -DHAVE_UNISTD_H -DHAVE_UTIME_H -DHAVE_STDDEF_H -DHAVE_DLFCN_H -DHAVE_MALLOC_H -DHAVE_MEMORY_H -DHAVE_NETINET_IF_ETHER_H -DHAVE_STDINT_H -DHAVE_SYS_UTSNAME_H -MD -MT CMakeFiles/cmTC_5e8b5.dir/CurlTests.c.o -MF CMakeFiles/cmTC_5e8b5.dir/CurlTests.c.o.d -o CMakeFiles/cmTC_5e8b5.dir/CurlTests.c.o -c /home/marcato/Documentos/Projects/Cpp/Middleware/out/build/Clang/_deps/curl-src/CMake/CurlTests.c
/home/marcato/Documentos/Projects/Cpp/Middleware/out/build/Clang/_deps/curl-src/CMake/CurlTests.c:404:43: error: use of undeclared identifier 'SO_NONBLOCK'; did you mean 'SOCK_NONBLOCK'?
  404 |         if(0 != setsockopt(0, SOL_SOCKET, SO_NONBLOCK, 0, 0))
      |                                           ^~~~~~~~~~~
      |                                           SOCK_NONBLOCK
/usr/include/x86_64-linux-gnu/bits/socket_type.h:52:3: note: 'SOCK_NONBLOCK' declared here
   52 |   SOCK_NONBLOCK = 00004000      /* Atomically mark descriptor(s) as
      |   ^
1 error generated.
gmake[1]: *** [CMakeFiles/cmTC_5e8b5.dir/build.make:79: CMakeFiles/cmTC_5e8b5.dir/CurlTests.c.o] Erro 1
gmake[1]: Saindo do diretório '/home/marcato/Documentos/Projects/Cpp/Middleware/out/build/Clang/CMakeFiles/CMakeTmp'
gmake: *** [Makefile:127: cmTC_5e8b5/fast] Erro 2


Performing Curl Test HAVE_O_NONBLOCK failed with the following output:
Change Dir: '/home/marcato/Documentos/Projects/Cpp/Middleware/out/build/Clang/CMakeFiles/CMakeTmp'

Run Build Command(s): /usr/bin/cmake -E env VERBOSE=1 /usr/bin/gmake -f Makefile cmTC_235a6/fast
/usr/bin/gmake  -f CMakeFiles/cmTC_235a6.dir/build.make CMakeFiles/cmTC_235a6.dir/build
gmake[1]: Entrando no diretório '/home/marcato/Documentos/Projects/Cpp/Middleware/out/build/Clang/CMakeFiles/CMakeTmp'
Building C object CMakeFiles/cmTC_235a6.dir/CurlTests.c.o
/usr/bin/clang   -DHAVE_O_NONBLOCK  -DHAVE_STDIO_H -DHAVE_INTTYPES_H -DHAVE_SYS_IOCTL_H -DHAVE_SYS_PARAM_H -DHAVE_SYS_POLL_H -DHAVE_SYS_RESOURCE_H -DHAVE_SYS_SELECT_H -DHAVE_SYS_SOCKET_H -DHAVE_SYS_STAT_H -DHAVE_SYS_TIME_H -DHAVE_SYS_TYPES_H -DHAVE_SYS_UIO_H -DHAVE_SYS_UN_H -DHAVE_SYS_XATTR_H -DHAVE_ALLOCA_H -DHAVE_ARPA_INET_H -DHAVE_ARPA_TFTP_H -DHAVE_ASSERT_H -DHAVE_ERRNO_H -DHAVE_FCNTL_H -DHAVE_IFADDRS_H -DHAVE_LIBGEN_H -DHAVE_LOCALE_H -DHAVE_NET_IF_H -DHAVE_NETDB_H -DHAVE_NETINET_IN_H -DHAVE_NETINET_TCP_H -DHAVE_POLL_H -DHAVE_PWD_H -DHAVE_SETJMP_H -DHAVE_SIGNAL_H -DHAVE_STDBOOL_H -DHAVE_STDINT_H -DHAVE_STDIO_H -DHAVE_STDLIB_H -DHAVE_STRING_H -DHAVE_STRINGS_H -DHAVE_TERMIO_H -DHAVE_TERMIOS_H -DHAVE_TIME_H -DHAVE_UNISTD_H -DHAVE_UTIME_H -DHAVE_STDDEF_H -DHAVE_DLFCN_H -DHAVE_MALLOC_H -DHAVE_MEMORY_H -DHAVE_NETINET_IF_ETHER_H -DHAVE_STDINT_H -DHAVE_SYS_UTSNAME_H -MD -MT CMakeFiles/cmTC_235a6.dir/CurlTests.c.o -MF CMakeFiles/cmTC_235a6.dir/CurlTests.c.o.d -o CMakeFiles/cmTC_235a6.dir/CurlTests.c.o -c /home/marcato/Documentos/Projects/Cpp/Middleware/out/build/Clang/_deps/curl-src/CMake/CurlTests.c
Linking C executable cmTC_235a6
/usr/bin/cmake -E cmake_link_script CMakeFiles/cmTC_235a6.dir/link.txt --verbose=1
/usr/bin/clang  -DHAVE_O_NONBLOCK  -DHAVE_STDIO_H -DHAVE_INTTYPES_H -DHAVE_SYS_IOCTL_H -DHAVE_SYS_PARAM_H -DHAVE_SYS_POLL_H -DHAVE_SYS_RESOURCE_H -DHAVE_SYS_SELECT_H -DHAVE_SYS_SOCKET_H -DHAVE_SYS_STAT_H -DHAVE_SYS_TIME_H -DHAVE_SYS_TYPES_H -DHAVE_SYS_UIO_H -DHAVE_SYS_UN_H -DHAVE_SYS_XATTR_H -DHAVE_ALLOCA_H -DHAVE_ARPA_INET_H -DHAVE_ARPA_TFTP_H -DHAVE_ASSERT_H -DHAVE_ERRNO_H -DHAVE_FCNTL_H -DHAVE_IFADDRS_H -DHAVE_LIBGEN_H -DHAVE_LOCALE_H -DHAVE_NET_IF_H -DHAVE_NETDB_H -DHAVE_NETINET_IN_H -DHAVE_NETINET_TCP_H -DHAVE_POLL_H -DHAVE_PWD_H -DHAVE_SETJMP_H -DHAVE_SIGNAL_H -DHAVE_STDBOOL_H -DHAVE_STDINT_H -DHAVE_STDIO_H -DHAVE_STDLIB_H -DHAVE_STRING_H -DHAVE_STRINGS_H -DHAVE_TERMIO_H -DHAVE_TERMIOS_H -DHAVE_TIME_H -DHAVE_UNISTD_H -DHAVE_UTIME_H -DHAVE_STDDEF_H -DHAVE_DLFCN_H -DHAVE_MALLOC_H -DHAVE_MEMORY_H -DHAVE_NETINET_IF_ETHER_H -DHAVE_STDINT_H -DHAVE_SYS_UTSNAME_H CMakeFiles/cmTC_235a6.dir/CurlTests.c.o -o cmTC_235a6 
/usr/bin/ld: /lib/x86_64-linux-gnu/Scrt1.o: na função "_start":
(.text+0x1b): undefined reference to `main'
clang: error: linker command failed with exit code 1 (use -v to see invocation)
gmake[1]: *** [CMakeFiles/cmTC_235a6.dir/build.make:100: cmTC_235a6] Erro 1
gmake[1]: Saindo do diretório '/home/marcato/Documentos/Projects/Cpp/Middleware/out/build/Clang/CMakeFiles/CMakeTmp'
gmake: *** [Makefile:127: cmTC_235a6/fast] Erro 2


Performing Curl Test HAVE_GETHOSTBYNAME_R_3 failed with the following output:
Change Dir: '/home/marcato/Documentos/Projects/Cpp/Middleware/out/build/Clang/CMakeFiles/CMakeTmp'

Run Build Command(s): /usr/bin/cmake -E env VERBOSE=1 /usr/bin/gmake -f Makefile cmTC_40360/fast
/usr/bin/gmake  -f CMakeFiles/cmTC_40360.dir/build.make CMakeFiles/cmTC_40360.dir/build
gmake[1]: Entrando no diretório '/home/marcato/Documentos/Projects/Cpp/Middleware/out/build/Clang/CMakeFiles/CMakeTmp'
Building C object CMakeFiles/cmTC_40360.dir/CurlTests.c.o
/usr/bin/clang   -DHAVE_GETHOSTBYNAME_R_3  -DHAVE_STDIO_H -DHAVE_INTTYPES_H -DHAVE_SYS_IOCTL_H -DHAVE_SYS_PARAM_H -DHAVE_SYS_POLL_H -DHAVE_SYS_RESOURCE_H -DHAVE_SYS_SELECT_H -DHAVE_SYS_SOCKET_H -DHAVE_SYS_STAT_H -DHAVE_SYS_TIME_H -DHAVE_SYS_TYPES_H -DHAVE_SYS_UIO_H -DHAVE_SYS_UN_H -DHAVE_SYS_XATTR_H -DHAVE_ALLOCA_H -DHAVE_ARPA_INET_H -DHAVE_ARPA_TFTP_H -DHAVE_ASSERT_H -DHAVE_ERRNO_H -DHAVE_FCNTL_H -DHAVE_IFADDRS_H -DHAVE_LIBGEN_H -DHAVE_LOCALE_H -DHAVE_NET_IF_H -DHAVE_NETDB_H -DHAVE_NETINET_IN_H -DHAVE_NETINET_TCP_H -DHAVE_POLL_H -DHAVE_PWD_H -DHAVE_SETJMP_H -DHAVE_SIGNAL_H -DHAVE_STDBOOL_H -DHAVE_STDINT_H -DHAVE_STDIO_H -DHAVE_STDLIB_H -DHAVE_STRING_H -DHAVE_STRINGS_H -DHAVE_TERMIO_H -DHAVE_TERMIOS_H -DHAVE_TIME_H -DHAVE_UNISTD_H -DHAVE_UTIME_H -DHAVE_STDDEF_H -DHAVE_DLFCN_H -DHAVE_MALLOC_H -DHAVE_MEMORY_H -DHAVE_NETINET_IF_ETHER_H -DHAVE_STDINT_H -DHAVE_SYS_UTSNAME_H -MD -MT CMakeFiles/cmTC_40360.dir/CurlTests.c.o -MF CMakeFiles/cmTC_40360.dir/CurlTests.c.o.d -o CMakeFiles/cmTC_40360.dir/CurlTests.c.o -c /home/marcato/Documentos/Projects/Cpp/Middleware/out/build/Clang/_deps/curl-src/CMake/CurlTests.c
/home/marcato/Documentos/Projects/Cpp/Middleware/out/build/Clang/_deps/curl-src/CMake/CurlTests.c:97:23: error: variable has incomplete type 'struct hostent_data'
   97 |   struct hostent_data hdata;
      |                       ^
/home/marcato/Documentos/Projects/Cpp/Middleware/out/build/Clang/_deps/curl-src/CMake/CurlTests.c:97:10: note: forward declaration of 'struct hostent_data'
   97 |   struct hostent_data hdata;
      |          ^
1 error generated.
gmake[1]: *** [CMakeFiles/cmTC_40360.dir/build.make:79: CMakeFiles/cmTC_40360.dir/CurlTests.c.o] Erro 1
gmake[1]: Saindo do diretório '/home/marcato/Documentos/Projects/Cpp/Middleware/out/build/Clang/CMakeFiles/CMakeTmp'
gmake: *** [Makefile:127: cmTC_40360/fast] Erro 2


Performing Curl Test HAVE_GETHOSTBYNAME_R_5 failed with the following output:
Change Dir: '/home/marcato/Documentos/Projects/Cpp/Middleware/out/build/Clang/CMakeFiles/CMakeTmp'

Run Build Command(s): /usr/bin/cmake -E env VERBOSE=1 /usr/bin/gmake -f Makefile cmTC_27324/fast
/usr/bin/gmake  -f CMakeFiles/cmTC_27324.dir/build.make CMakeFiles/cmTC_27324.dir/build
gmake[1]: Entrando no diretório '/home/marcato/Documentos/Projects/Cpp/Middleware/out/build/Clang/CMakeFiles/CMakeTmp'
Building C object CMakeFiles/cmTC_27324.dir/CurlTests.c.o
/usr/bin/clang   -DHAVE_GETHOSTBYNAME_R_5  -DHAVE_STDIO_H -DHAVE_INTTYPES_H -DHAVE_SYS_IOCTL_H -DHAVE_SYS_PARAM_H -DHAVE_SYS_POLL_H -DHAVE_SYS_RESOURCE_H -DHAVE_SYS_SELECT_H -DHAVE_SYS_SOCKET_H -DHAVE_SYS_STAT_H -DHAVE_SYS_TIME_H -DHAVE_SYS_TYPES_H -DHAVE_SYS_UIO_H -DHAVE_SYS_UN_H -DHAVE_SYS_XATTR_H -DHAVE_ALLOCA_H -DHAVE_ARPA_INET_H -DHAVE_ARPA_TFTP_H -DHAVE_ASSERT_H -DHAVE_ERRNO_H -DHAVE_FCNTL_H -DHAVE_IFADDRS_H -DHAVE_LIBGEN_H -DHAVE_LOCALE_H -DHAVE_NET_IF_H -DHAVE_NETDB_H -DHAVE_NETINET_IN_H -DHAVE_NETINET_TCP_H -DHAVE_POLL_H -DHAVE_PWD_H -DHAVE_SETJMP_H -DHAVE_SIGNAL_H -DHAVE_STDBOOL_H -DHAVE_STDINT_H -DHAVE_STDIO_H -DHAVE_STDLIB_H -DHAVE_STRING_H -DHAVE_STRINGS_H -DHAVE_TERMIO_H -DHAVE_TERMIOS_H -DHAVE_TIME_H -DHAVE_UNISTD_H -DHAVE_UTIME_H -DHAVE_STDDEF_H -DHAVE_DLFCN_H -DHAVE_MALLOC_H -DHAVE_MEMORY_H -DHAVE_NETINET_IF_ETHER_H -DHAVE_STDINT_H -DHAVE_SYS_UTSNAME_H -MD -MT CMakeFiles/cmTC_27324.dir/CurlTests.c.o -MF CMakeFiles/cmTC_27324.dir/CurlTests.c.o.d -o CMakeFiles/cmTC_27324.dir/CurlTests.c.o -c /home/marcato/Documentos/Projects/Cpp/Middleware/out/build/Clang/_deps/curl-src/CMake/CurlTests.c
/home/marcato/Documentos/Projects/Cpp/Middleware/out/build/Clang/_deps/curl-src/CMake/CurlTests.c:112:60: error: too few arguments to function call, expected 6, have 5
  112 |   rc = gethostbyname_r(address, &h, buffer, 8192, &h_errnop);
      |        ~~~~~~~~~~~~~~~                                     ^
/usr/include/netdb.h:177:12: note: 'gethostbyname_r' declared here
  177 | extern int gethostbyname_r (const char *__restrict __name,
      |            ^                ~~~~~~~~~~~~~~~~~~~~~~~~~~~~~~
  178 |                             struct hostent *__restrict __result_buf,
      |                             ~~~~~~~~~~~~~~~~~~~~~~~~~~~~~~~~~~~~~~~~
  179 |                             char *__restrict __buf, size_t __buflen,
      |                             ~~~~~~~~~~~~~~~~~~~~~~~~~~~~~~~~~~~~~~~~
  180 |                             struct hostent **__restrict __result,
      |                             ~~~~~~~~~~~~~~~~~~~~~~~~~~~~~~~~~~~~~
  181 |                             int *__restrict __h_errnop);
      |                             ~~~~~~~~~~~~~~~~~~~~~~~~~~
1 error generated.
gmake[1]: *** [CMakeFiles/cmTC_27324.dir/build.make:79: CMakeFiles/cmTC_27324.dir/CurlTests.c.o] Erro 1
gmake[1]: Saindo do diretório '/home/marcato/Documentos/Projects/Cpp/Middleware/out/build/Clang/CMakeFiles/CMakeTmp'
gmake: *** [Makefile:127: cmTC_27324/fast] Erro 2


Performing Curl Test HAVE_GETHOSTBYNAME_R_3_REENTRANT failed with the following output:
Change Dir: '/home/marcato/Documentos/Projects/Cpp/Middleware/out/build/Clang/CMakeFiles/CMakeTmp'

Run Build Command(s): /usr/bin/cmake -E env VERBOSE=1 /usr/bin/gmake -f Makefile cmTC_904b8/fast
/usr/bin/gmake  -f CMakeFiles/cmTC_904b8.dir/build.make CMakeFiles/cmTC_904b8.dir/build
gmake[1]: Entrando no diretório '/home/marcato/Documentos/Projects/Cpp/Middleware/out/build/Clang/CMakeFiles/CMakeTmp'
Building C object CMakeFiles/cmTC_904b8.dir/CurlTests.c.o
/usr/bin/clang   -DHAVE_GETHOSTBYNAME_R_3_REENTRANT  -DHAVE_STDIO_H -DHAVE_INTTYPES_H -DHAVE_SYS_IOCTL_H -DHAVE_SYS_PARAM_H -DHAVE_SYS_POLL_H -DHAVE_SYS_RESOURCE_H -DHAVE_SYS_SELECT_H -DHAVE_SYS_SOCKET_H -DHAVE_SYS_STAT_H -DHAVE_SYS_TIME_H -DHAVE_SYS_TYPES_H -DHAVE_SYS_UIO_H -DHAVE_SYS_UN_H -DHAVE_SYS_XATTR_H -DHAVE_ALLOCA_H -DHAVE_ARPA_INET_H -DHAVE_ARPA_TFTP_H -DHAVE_ASSERT_H -DHAVE_ERRNO_H -DHAVE_FCNTL_H -DHAVE_IFADDRS_H -DHAVE_LIBGEN_H -DHAVE_LOCALE_H -DHAVE_NET_IF_H -DHAVE_NETDB_H -DHAVE_NETINET_IN_H -DHAVE_NETINET_TCP_H -DHAVE_POLL_H -DHAVE_PWD_H -DHAVE_SETJMP_H -DHAVE_SIGNAL_H -DHAVE_STDBOOL_H -DHAVE_STDINT_H -DHAVE_STDIO_H -DHAVE_STDLIB_H -DHAVE_STRING_H -DHAVE_STRINGS_H -DHAVE_TERMIO_H -DHAVE_TERMIOS_H -DHAVE_TIME_H -DHAVE_UNISTD_H -DHAVE_UTIME_H -DHAVE_STDDEF_H -DHAVE_DLFCN_H -DHAVE_MALLOC_H -DHAVE_MEMORY_H -DHAVE_NETINET_IF_ETHER_H -DHAVE_STDINT_H -DHAVE_SYS_UTSNAME_H -MD -MT CMakeFiles/cmTC_904b8.dir/CurlTests.c.o -MF CMakeFiles/cmTC_904b8.dir/CurlTests.c.o.d -o CMakeFiles/cmTC_904b8.dir/CurlTests.c.o -c /home/marcato/Documentos/Projects/Cpp/Middleware/out/build/Clang/_deps/curl-src/CMake/CurlTests.c
/home/marcato/Documentos/Projects/Cpp/Middleware/out/build/Clang/_deps/curl-src/CMake/CurlTests.c:97:23: error: variable has incomplete type 'struct hostent_data'
   97 |   struct hostent_data hdata;
      |                       ^
/home/marcato/Documentos/Projects/Cpp/Middleware/out/build/Clang/_deps/curl-src/CMake/CurlTests.c:97:10: note: forward declaration of 'struct hostent_data'
   97 |   struct hostent_data hdata;
      |          ^
1 error generated.
gmake[1]: *** [CMakeFiles/cmTC_904b8.dir/build.make:79: CMakeFiles/cmTC_904b8.dir/CurlTests.c.o] Erro 1
gmake[1]: Saindo do diretório '/home/marcato/Documentos/Projects/Cpp/Middleware/out/build/Clang/CMakeFiles/CMakeTmp'
gmake: *** [Makefile:127: cmTC_904b8/fast] Erro 2


Performing Curl Test HAVE_GETHOSTBYNAME_R_5_REENTRANT failed with the following output:
Change Dir: '/home/marcato/Documentos/Projects/Cpp/Middleware/out/build/Clang/CMakeFiles/CMakeTmp'

Run Build Command(s): /usr/bin/cmake -E env VERBOSE=1 /usr/bin/gmake -f Makefile cmTC_2be6c/fast
/usr/bin/gmake  -f CMakeFiles/cmTC_2be6c.dir/build.make CMakeFiles/cmTC_2be6c.dir/build
gmake[1]: Entrando no diretório '/home/marcato/Documentos/Projects/Cpp/Middleware/out/build/Clang/CMakeFiles/CMakeTmp'
Building C object CMakeFiles/cmTC_2be6c.dir/CurlTests.c.o
/usr/bin/clang   -DHAVE_GETHOSTBYNAME_R_5_REENTRANT  -DHAVE_STDIO_H -DHAVE_INTTYPES_H -DHAVE_SYS_IOCTL_H -DHAVE_SYS_PARAM_H -DHAVE_SYS_POLL_H -DHAVE_SYS_RESOURCE_H -DHAVE_SYS_SELECT_H -DHAVE_SYS_SOCKET_H -DHAVE_SYS_STAT_H -DHAVE_SYS_TIME_H -DHAVE_SYS_TYPES_H -DHAVE_SYS_UIO_H -DHAVE_SYS_UN_H -DHAVE_SYS_XATTR_H -DHAVE_ALLOCA_H -DHAVE_ARPA_INET_H -DHAVE_ARPA_TFTP_H -DHAVE_ASSERT_H -DHAVE_ERRNO_H -DHAVE_FCNTL_H -DHAVE_IFADDRS_H -DHAVE_LIBGEN_H -DHAVE_LOCALE_H -DHAVE_NET_IF_H -DHAVE_NETDB_H -DHAVE_NETINET_IN_H -DHAVE_NETINET_TCP_H -DHAVE_POLL_H -DHAVE_PWD_H -DHAVE_SETJMP_H -DHAVE_SIGNAL_H -DHAVE_STDBOOL_H -DHAVE_STDINT_H -DHAVE_STDIO_H -DHAVE_STDLIB_H -DHAVE_STRING_H -DHAVE_STRINGS_H -DHAVE_TERMIO_H -DHAVE_TERMIOS_H -DHAVE_TIME_H -DHAVE_UNISTD_H -DHAVE_UTIME_H -DHAVE_STDDEF_H -DHAVE_DLFCN_H -DHAVE_MALLOC_H -DHAVE_MEMORY_H -DHAVE_NETINET_IF_ETHER_H -DHAVE_STDINT_H -DHAVE_SYS_UTSNAME_H -MD -MT CMakeFiles/cmTC_2be6c.dir/CurlTests.c.o -MF CMakeFiles/cmTC_2be6c.dir/CurlTests.c.o.d -o CMakeFiles/cmTC_2be6c.dir/CurlTests.c.o -c /home/marcato/Documentos/Projects/Cpp/Middleware/out/build/Clang/_deps/curl-src/CMake/CurlTests.c
/home/marcato/Documentos/Projects/Cpp/Middleware/out/build/Clang/_deps/curl-src/CMake/CurlTests.c:112:60: error: too few arguments to function call, expected 6, have 5
  112 |   rc = gethostbyname_r(address, &h, buffer, 8192, &h_errnop);
      |        ~~~~~~~~~~~~~~~                                     ^
/usr/include/netdb.h:177:12: note: 'gethostbyname_r' declared here
  177 | extern int gethostbyname_r (const char *__restrict __name,
      |            ^                ~~~~~~~~~~~~~~~~~~~~~~~~~~~~~~
  178 |                             struct hostent *__restrict __result_buf,
      |                             ~~~~~~~~~~~~~~~~~~~~~~~~~~~~~~~~~~~~~~~~
  179 |                             char *__restrict __buf, size_t __buflen,
      |                             ~~~~~~~~~~~~~~~~~~~~~~~~~~~~~~~~~~~~~~~~
  180 |                             struct hostent **__restrict __result,
      |                             ~~~~~~~~~~~~~~~~~~~~~~~~~~~~~~~~~~~~~
  181 |                             int *__restrict __h_errnop);
      |                             ~~~~~~~~~~~~~~~~~~~~~~~~~~
1 error generated.
gmake[1]: *** [CMakeFiles/cmTC_2be6c.dir/build.make:79: CMakeFiles/cmTC_2be6c.dir/CurlTests.c.o] Erro 1
gmake[1]: Saindo do diretório '/home/marcato/Documentos/Projects/Cpp/Middleware/out/build/Clang/CMakeFiles/CMakeTmp'
gmake: *** [Makefile:127: cmTC_2be6c/fast] Erro 2


Performing Curl Test HAVE_GLIBC_STRERROR_R failed with the following output:
Change Dir: '/home/marcato/Documentos/Projects/Cpp/Middleware/out/build/Clang/CMakeFiles/CMakeTmp'

Run Build Command(s): /usr/bin/cmake -E env VERBOSE=1 /usr/bin/gmake -f Makefile cmTC_232b3/fast
/usr/bin/gmake  -f CMakeFiles/cmTC_232b3.dir/build.make CMakeFiles/cmTC_232b3.dir/build
gmake[1]: Entrando no diretório '/home/marcato/Documentos/Projects/Cpp/Middleware/out/build/Clang/CMakeFiles/CMakeTmp'
Building C object CMakeFiles/cmTC_232b3.dir/CurlTests.c.o
/usr/bin/clang   -DHAVE_GLIBC_STRERROR_R  -DHAVE_STDIO_H -DHAVE_INTTYPES_H -DHAVE_SYS_IOCTL_H -DHAVE_SYS_PARAM_H -DHAVE_SYS_POLL_H -DHAVE_SYS_RESOURCE_H -DHAVE_SYS_SELECT_H -DHAVE_SYS_SOCKET_H -DHAVE_SYS_STAT_H -DHAVE_SYS_TIME_H -DHAVE_SYS_TYPES_H -DHAVE_SYS_UIO_H -DHAVE_SYS_UN_H -DHAVE_SYS_XATTR_H -DHAVE_ALLOCA_H -DHAVE_ARPA_INET_H -DHAVE_ARPA_TFTP_H -DHAVE_ASSERT_H -DHAVE_ERRNO_H -DHAVE_FCNTL_H -DHAVE_IFADDRS_H -DHAVE_LIBGEN_H -DHAVE_LOCALE_H -DHAVE_NET_IF_H -DHAVE_NETDB_H -DHAVE_NETINET_IN_H -DHAVE_NETINET_TCP_H -DHAVE_POLL_H -DHAVE_PWD_H -DHAVE_SETJMP_H -DHAVE_SIGNAL_H -DHAVE_STDBOOL_H -DHAVE_STDINT_H -DHAVE_STDIO_H -DHAVE_STDLIB_H -DHAVE_STRING_H -DHAVE_STRINGS_H -DHAVE_TERMIO_H -DHAVE_TERMIOS_H -DHAVE_TIME_H -DHAVE_UNISTD_H -DHAVE_UTIME_H -DHAVE_STDDEF_H -DHAVE_DLFCN_H -DHAVE_MALLOC_H -DHAVE_MEMORY_H -DHAVE_NETINET_IF_ETHER_H -DHAVE_STDINT_H -DHAVE_SYS_UTSNAME_H -MD -MT CMakeFiles/cmTC_232b3.dir/CurlTests.c.o -MF CMakeFiles/cmTC_232b3.dir/CurlTests.c.o.d -o CMakeFiles/cmTC_232b3.dir/CurlTests.c.o -c /home/marcato/Documentos/Projects/Cpp/Middleware/out/build/Clang/_deps/curl-src/CMake/CurlTests.c
/home/marcato/Documentos/Projects/Cpp/Middleware/out/build/Clang/_deps/curl-src/CMake/CurlTests.c:420:51: error: subscripted value is not an array, pointer, or vector
  420 |   check(strerror_r(EACCES, buffer, sizeof(buffer))[0]);
      |         ~~~~~~~~~~~~~~~~~~~~~~~~~~~~~~~~~~~~~~~~~~^~
1 error generated.
gmake[1]: *** [CMakeFiles/cmTC_232b3.dir/build.make:79: CMakeFiles/cmTC_232b3.dir/CurlTests.c.o] Erro 1
gmake[1]: Saindo do diretório '/home/marcato/Documentos/Projects/Cpp/Middleware/out/build/Clang/CMakeFiles/CMakeTmp'
gmake: *** [Makefile:127: cmTC_232b3/fast] Erro 2


